{"/Users/kentcdodds/Desktop/react-testing-library-examples/src/component-did-catch.js": {"path":"/Users/kentcdodds/Desktop/react-testing-library-examples/src/component-did-catch.js","statementMap":{"0":{"start":{"line":5,"column":10},"end":{"line":5,"column":27}},"1":{"start":{"line":7,"column":4},"end":{"line":7,"column":35}},"2":{"start":{"line":8,"column":4},"end":{"line":8,"column":28}},"3":{"start":{"line":11,"column":4},"end":{"line":15,"column":5}},"4":{"start":{"line":21,"column":4},"end":{"line":21,"column":30}},"5":{"start":{"line":26,"column":10},"end":{"line":26,"column":29}},"6":{"start":{"line":27,"column":20},"end":{"line":27,"column":59}},"7":{"start":{"line":27,"column":26},"end":{"line":27,"column":59}},"8":{"start":{"line":29,"column":4},"end":{"line":41,"column":5}}},"fnMap":{"0":{"name":"(anonymous_0)","decl":{"start":{"line":6,"column":2},"end":{"line":6,"column":3}},"loc":{"start":{"line":6,"column":33},"end":{"line":9,"column":3}},"line":6},"1":{"name":"(anonymous_1)","decl":{"start":{"line":10,"column":2},"end":{"line":10,"column":3}},"loc":{"start":{"line":10,"column":11},"end":{"line":16,"column":3}},"line":10},"2":{"name":"(anonymous_2)","decl":{"start":{"line":20,"column":2},"end":{"line":20,"column":3}},"loc":{"start":{"line":20,"column":11},"end":{"line":22,"column":3}},"line":20},"3":{"name":"(anonymous_3)","decl":{"start":{"line":27,"column":20},"end":{"line":27,"column":21}},"loc":{"start":{"line":27,"column":26},"end":{"line":27,"column":59}},"line":27},"4":{"name":"(anonymous_4)","decl":{"start":{"line":28,"column":2},"end":{"line":28,"column":3}},"loc":{"start":{"line":28,"column":11},"end":{"line":42,"column":3}},"line":28}},"branchMap":{"0":{"loc":{"start":{"line":11,"column":11},"end":{"line":15,"column":5}},"type":"cond-expr","locations":[{"start":{"line":12,"column":6},"end":{"line":12,"column":36}},{"start":{"line":14,"column":6},"end":{"line":14,"column":25}}],"line":11},"1":{"loc":{"start":{"line":31,"column":9},"end":{"line":39,"column":9}},"type":"cond-expr","locations":[{"start":{"line":32,"column":10},"end":{"line":32,"column":18}},{"start":{"line":34,"column":10},"end":{"line":38,"column":19}}],"line":31}},"s":{"0":1,"1":1,"2":1,"3":3,"4":2,"5":1,"6":1,"7":1,"8":2},"f":{"0":1,"1":3,"2":2,"3":1,"4":2},"b":{"0":[1,2],"1":[1,1]},"_coverageSchema":"1a1c01bbd47fc00a2c39e90264f33305004495a9","hash":"df62e411584b1bab3f446a399ccdf8caf262a4fe"}
,"/Users/kentcdodds/Desktop/react-testing-library-examples/src/fetch-greeting.js": {"path":"/Users/kentcdodds/Desktop/react-testing-library-examples/src/fetch-greeting.js","statementMap":{"0":{"start":{"line":5,"column":21},"end":{"line":8,"column":1}},"1":{"start":{"line":11,"column":2},"end":{"line":27,"column":3}},"2":{"start":{"line":13,"column":6},"end":{"line":16,"column":7}},"3":{"start":{"line":19,"column":6},"end":{"line":22,"column":7}},"4":{"start":{"line":25,"column":6},"end":{"line":25,"column":18}},"5":{"start":{"line":31,"column":40},"end":{"line":34,"column":3}},"6":{"start":{"line":35,"column":44},"end":{"line":35,"column":59}},"7":{"start":{"line":37,"column":24},"end":{"line":49,"column":3}},"8":{"start":{"line":38,"column":4},"end":{"line":48,"column":8}},"9":{"start":{"line":41,"column":23},"end":{"line":41,"column":31}},"10":{"start":{"line":42,"column":27},"end":{"line":42,"column":31}},"11":{"start":{"line":43,"column":8},"end":{"line":43,"column":45}},"12":{"start":{"line":44,"column":8},"end":{"line":44,"column":30}},"13":{"start":{"line":47,"column":8},"end":{"line":47,"column":40}},"14":{"start":{"line":51,"column":21},"end":{"line":51,"column":59}},"15":{"start":{"line":53,"column":2},"end":{"line":61,"column":3}}},"fnMap":{"0":{"name":"greetingReducer","decl":{"start":{"line":10,"column":9},"end":{"line":10,"column":24}},"loc":{"start":{"line":10,"column":40},"end":{"line":28,"column":1}},"line":10},"1":{"name":"FetchGreeting","decl":{"start":{"line":30,"column":9},"end":{"line":30,"column":22}},"loc":{"start":{"line":30,"column":25},"end":{"line":62,"column":1}},"line":30},"2":{"name":"(anonymous_2)","decl":{"start":{"line":37,"column":24},"end":{"line":37,"column":25}},"loc":{"start":{"line":37,"column":36},"end":{"line":49,"column":3}},"line":37},"3":{"name":"(anonymous_3)","decl":{"start":{"line":40,"column":12},"end":{"line":40,"column":13}},"loc":{"start":{"line":40,"column":26},"end":{"line":45,"column":7}},"line":40},"4":{"name":"(anonymous_4)","decl":{"start":{"line":46,"column":13},"end":{"line":46,"column":14}},"loc":{"start":{"line":46,"column":24},"end":{"line":48,"column":7}},"line":46}},"branchMap":{"0":{"loc":{"start":{"line":11,"column":2},"end":{"line":27,"column":3}},"type":"switch","locations":[{"start":{"line":12,"column":4},"end":{"line":17,"column":5}},{"start":{"line":18,"column":4},"end":{"line":23,"column":5}},{"start":{"line":24,"column":4},"end":{"line":26,"column":5}}],"line":11},"1":{"loc":{"start":{"line":51,"column":21},"end":{"line":51,"column":59}},"type":"cond-expr","locations":[{"start":{"line":51,"column":37},"end":{"line":51,"column":41}},{"start":{"line":51,"column":44},"end":{"line":51,"column":59}}],"line":51},"2":{"loc":{"start":{"line":58,"column":7},"end":{"line":58,"column":38}},"type":"binary-expr","locations":[{"start":{"line":58,"column":7},"end":{"line":58,"column":15}},{"start":{"line":58,"column":19},"end":{"line":58,"column":38}}],"line":58},"3":{"loc":{"start":{"line":59,"column":7},"end":{"line":59,"column":58}},"type":"binary-expr","locations":[{"start":{"line":59,"column":7},"end":{"line":59,"column":12}},{"start":{"line":59,"column":16},"end":{"line":59,"column":58}}],"line":59}},"s":{"0":1,"1":2,"2":1,"3":1,"4":0,"5":5,"6":5,"7":5,"8":2,"9":1,"10":1,"11":1,"12":1,"13":1,"14":5,"15":5},"f":{"0":2,"1":5,"2":2,"3":1,"4":1},"b":{"0":[1,1,0],"1":[1,4],"2":[5,2],"3":[5,1]},"_coverageSchema":"1a1c01bbd47fc00a2c39e90264f33305004495a9","hash":"3ff91edf72ec5a93da5125b9d48a0970647b33d3"}
,"/Users/kentcdodds/Desktop/react-testing-library-examples/src/index.js": {"path":"/Users/kentcdodds/Desktop/react-testing-library-examples/src/index.js","statementMap":{"0":{"start":{"line":5,"column":2},"end":{"line":38,"column":3}},"1":{"start":{"line":41,"column":0},"end":{"line":41,"column":48}}},"fnMap":{"0":{"name":"App","decl":{"start":{"line":4,"column":9},"end":{"line":4,"column":12}},"loc":{"start":{"line":4,"column":15},"end":{"line":39,"column":1}},"line":4}},"branchMap":{},"s":{"0":0,"1":0},"f":{"0":0},"b":{}}
,"/Users/kentcdodds/Desktop/react-testing-library-examples/src/lazy-component.js": {"path":"/Users/kentcdodds/Desktop/react-testing-library-examples/src/lazy-component.js","statementMap":{"0":{"start":{"line":4,"column":2},"end":{"line":4,"column":30}}},"fnMap":{"0":{"name":"LazyComponent","decl":{"start":{"line":3,"column":9},"end":{"line":3,"column":22}},"loc":{"start":{"line":3,"column":25},"end":{"line":5,"column":1}},"line":3}},"branchMap":{},"s":{"0":2},"f":{"0":2},"b":{},"_coverageSchema":"1a1c01bbd47fc00a2c39e90264f33305004495a9","hash":"aea0971e644548027b45cf610d5ea0ab22298143"}
,"/Users/kentcdodds/Desktop/react-testing-library-examples/src/react-context.js": {"path":"/Users/kentcdodds/Desktop/react-testing-library-examples/src/react-context.js","statementMap":{"0":{"start":{"line":3,"column":20},"end":{"line":3,"column":50}},"1":{"start":{"line":5,"column":21},"end":{"line":10,"column":1}},"2":{"start":{"line":6,"column":19},"end":{"line":6,"column":37}},"3":{"start":{"line":7,"column":2},"end":{"line":9,"column":3}},"4":{"start":{"line":12,"column":21},"end":{"line":16,"column":1}},"5":{"start":{"line":13,"column":2},"end":{"line":15,"column":25}},"6":{"start":{"line":14,"column":14},"end":{"line":14,"column":44}}},"fnMap":{"0":{"name":"(anonymous_0)","decl":{"start":{"line":5,"column":21},"end":{"line":5,"column":22}},"loc":{"start":{"line":5,"column":50},"end":{"line":10,"column":1}},"line":5},"1":{"name":"(anonymous_1)","decl":{"start":{"line":12,"column":21},"end":{"line":12,"column":22}},"loc":{"start":{"line":13,"column":2},"end":{"line":15,"column":25}},"line":13},"2":{"name":"(anonymous_2)","decl":{"start":{"line":14,"column":5},"end":{"line":14,"column":6}},"loc":{"start":{"line":14,"column":14},"end":{"line":14,"column":44}},"line":14}},"branchMap":{},"s":{"0":1,"1":1,"2":2,"3":2,"4":1,"5":3,"6":3},"f":{"0":2,"1":3,"2":3},"b":{},"_coverageSchema":"1a1c01bbd47fc00a2c39e90264f33305004495a9","hash":"6ce0b108c1f289b7cef74a582ac7a72b69c39f57"}
,"/Users/kentcdodds/Desktop/react-testing-library-examples/src/utils.js": {"path":"/Users/kentcdodds/Desktop/react-testing-library-examples/src/utils.js","statementMap":{"0":{"start":{"line":4,"column":2},"end":{"line":4,"column":41}}},"fnMap":{"0":{"name":"reportError","decl":{"start":{"line":1,"column":9},"end":{"line":1,"column":20}},"loc":{"start":{"line":1,"column":23},"end":{"line":5,"column":1}},"line":1}},"branchMap":{},"s":{"0":0},"f":{"0":0},"b":{}}
}
